2025-06-12 18:23:34 [main] INFO  log - Starting Web Browser...
2025-06-12 18:23:38 [main] INFO  log - Navigating to URL...
2025-06-12 18:23:39 [main] INFO  log - Starting to test Login with Valid Credentials...
2025-06-12 18:23:39 [main] INFO  log - Providing Credentials...
2025-06-12 18:23:39 [main] INFO  log - user1@test.com
2025-06-12 18:23:39 [main] INFO  log - Entering Password
2025-06-12 18:23:40 [main] INFO  log - Submitting Credentials by clicking Login Button...
2025-06-12 18:23:40 [main] INFO  log - Verified Login Page...
2025-06-12 18:23:40 [main] INFO  log - Test completed Successfully 
2025-06-12 18:23:40 [main] INFO  log - Closing the Browser...
2025-06-12 18:23:41 [main] INFO  log - Starting Web Browser...
2025-06-12 18:23:42 [main] INFO  log - Navigating to URL...
2025-06-12 18:23:43 [main] INFO  log - Starting to test Login with Valid Credentials...
2025-06-12 18:23:43 [main] INFO  log - Providing Credentials...
2025-06-12 18:23:43 [main] INFO  log - user2@test.com
2025-06-12 18:23:43 [main] INFO  log - Entering Password
2025-06-12 18:23:43 [main] INFO  log - Submitting Credentials by clicking Login Button...
2025-06-12 18:23:44 [main] INFO  log - Verified Login Page...
2025-06-12 18:23:44 [main] INFO  log - Test completed Successfully 
2025-06-12 18:23:44 [main] INFO  log - Closing the Browser...
2025-06-12 18:23:44 [main] INFO  log - Starting Web Browser...
2025-06-12 18:23:45 [main] INFO  log - Navigating to URL...
2025-06-12 18:23:47 [main] INFO  log - Starting to test Login with Valid Credentials...
2025-06-12 18:23:47 [main] INFO  log - Providing Credentials...
2025-06-12 18:23:47 [main] INFO  log - user3@test.com
2025-06-12 18:23:47 [main] INFO  log - Entering Password
2025-06-12 18:23:47 [main] INFO  log - Submitting Credentials by clicking Login Button...
2025-06-12 18:23:48 [main] INFO  log - Verified Login Page...
2025-06-12 18:23:48 [main] INFO  log - Closing the Browser...
2025-06-12 18:23:48 [main] INFO  log - Starting Web Browser...
2025-06-12 18:23:49 [main] INFO  log - Navigating to URL...
2025-06-12 18:23:51 [main] INFO  log - Starting to test Login with Valid Credentials...
2025-06-12 18:23:51 [main] INFO  log - Providing Credentials...
2025-06-12 18:23:51 [main] INFO  log - user4@test.com
2025-06-12 18:23:51 [main] INFO  log - Entering Password
2025-06-12 18:23:51 [main] INFO  log - Submitting Credentials by clicking Login Button...
2025-06-12 18:23:52 [main] INFO  log - Verified Login Page...
2025-06-12 18:23:52 [main] INFO  log - Closing the Browser...
2025-06-12 18:23:52 [main] INFO  log - Starting Web Browser...
2025-06-12 18:23:53 [main] INFO  log - Navigating to URL...
2025-06-12 18:23:55 [main] INFO  log - Starting to test Login with Valid Credentials...
2025-06-12 18:23:55 [main] INFO  log - Providing Credentials...
2025-06-12 18:23:55 [main] INFO  log - admin@yourstore.com
2025-06-12 18:23:55 [main] INFO  log - Entering Password
2025-06-12 18:23:55 [main] INFO  log - Submitting Credentials by clicking Login Button...
2025-06-12 18:23:56 [main] INFO  log - Verified Login Page...
2025-06-12 18:23:56 [main] INFO  log - Test completed Successfully 
2025-06-12 18:23:56 [main] INFO  log - Closing the Browser...
2025-06-12 18:23:57 [main] INFO  log - Starting Web Browser...
2025-06-12 18:23:58 [main] INFO  log - Navigating to URL...
2025-06-12 18:23:59 [main] INFO  log - Starting to test Login with Invalid Credentials...
2025-06-12 18:23:59 [main] INFO  log - Providing Invalid Credentials...
2025-06-12 18:23:59 [main] INFO  log - admin@yourstore.com
2025-06-12 18:23:59 [main] INFO  log - Entering Password
2025-06-12 18:23:59 [main] INFO  log - Submitting Credentials by clicking Login Button...
2025-06-12 18:24:00 [main] INFO  log - Getting Login Status...
2025-06-12 18:24:00 [main] INFO  log - Getting Login Status...
2025-06-12 18:24:00 [main] INFO  log - Printing Test result...
2025-06-12 18:24:00 [main] INFO  log - Closing the Browser...
2025-06-13 09:38:39 [main] INFO  log - Starting Web Browser...
2025-06-13 09:38:43 [main] INFO  log - Navigating to URL...
2025-06-13 09:38:45 [main] INFO  log - Starting to test Login with Valid Credentials...
2025-06-13 09:38:45 [main] INFO  log - Providing Credentials...
2025-06-13 09:38:45 [main] INFO  log - user1@test.com
2025-06-13 09:38:45 [main] INFO  log - Entering Password
2025-06-13 09:38:46 [main] INFO  log - Submitting Credentials by clicking Login Button...
2025-06-13 09:38:47 [main] INFO  log - Verified Login Page...
2025-06-13 09:38:47 [main] INFO  log - Test completed Successfully 
2025-06-13 09:38:47 [main] INFO  log - Closing the Browser...
2025-06-13 09:38:47 [main] INFO  log - Starting Web Browser...
2025-06-13 09:38:48 [main] INFO  log - Navigating to URL...
2025-06-13 09:38:50 [main] INFO  log - Starting to test Login with Valid Credentials...
2025-06-13 09:38:50 [main] INFO  log - Providing Credentials...
2025-06-13 09:38:50 [main] INFO  log - user2@test.com
2025-06-13 09:38:50 [main] INFO  log - Entering Password
2025-06-13 09:38:50 [main] INFO  log - Submitting Credentials by clicking Login Button...
2025-06-13 09:38:51 [main] INFO  log - Verified Login Page...
2025-06-13 09:38:51 [main] INFO  log - Test completed Successfully 
2025-06-13 09:38:51 [main] INFO  log - Closing the Browser...
2025-06-13 09:38:51 [main] INFO  log - Starting Web Browser...
2025-06-13 09:38:53 [main] INFO  log - Navigating to URL...
2025-06-13 09:38:54 [main] INFO  log - Starting to test Login with Valid Credentials...
2025-06-13 09:38:54 [main] INFO  log - Providing Credentials...
2025-06-13 09:38:54 [main] INFO  log - user3@test.com
2025-06-13 09:38:54 [main] INFO  log - Entering Password
2025-06-13 09:38:55 [main] INFO  log - Submitting Credentials by clicking Login Button...
2025-06-13 09:38:55 [main] INFO  log - Verified Login Page...
2025-06-13 09:38:55 [main] INFO  log - Test completed Successfully 
2025-06-13 09:38:55 [main] INFO  log - Closing the Browser...
2025-06-13 09:38:55 [main] INFO  log - Starting Web Browser...
2025-06-13 09:38:57 [main] INFO  log - Navigating to URL...
2025-06-13 09:38:58 [main] INFO  log - Starting to test Login with Valid Credentials...
2025-06-13 09:38:58 [main] INFO  log - Providing Credentials...
2025-06-13 09:38:58 [main] INFO  log - user4@test.com
2025-06-13 09:38:58 [main] INFO  log - Entering Password
2025-06-13 09:38:59 [main] INFO  log - Submitting Credentials by clicking Login Button...
2025-06-13 09:38:59 [main] INFO  log - Verified Login Page...
2025-06-13 09:38:59 [main] INFO  log - Test completed Successfully 
2025-06-13 09:38:59 [main] INFO  log - Closing the Browser...
2025-06-13 09:39:00 [main] INFO  log - Starting Web Browser...
2025-06-13 09:39:01 [main] INFO  log - Navigating to URL...
2025-06-13 09:39:03 [main] INFO  log - Starting to test Login with Valid Credentials...
2025-06-13 09:39:03 [main] INFO  log - Providing Credentials...
2025-06-13 09:39:03 [main] INFO  log - admin@yourstore.com
2025-06-13 09:39:03 [main] INFO  log - Entering Password
2025-06-13 09:39:03 [main] INFO  log - Submitting Credentials by clicking Login Button...
2025-06-13 09:39:04 [main] INFO  log - Verified Login Page...
2025-06-13 09:39:04 [main] INFO  log - Test completed Successfully 
2025-06-13 09:39:04 [main] INFO  log - Closing the Browser...
2025-06-13 09:39:04 [main] INFO  log - Starting Web Browser...
2025-06-13 09:39:06 [main] INFO  log - Navigating to URL...
2025-06-13 09:39:07 [main] INFO  log - Starting to test Login with Invalid Credentials...
2025-06-13 09:39:07 [main] INFO  log - Providing Invalid Credentials...
2025-06-13 09:39:07 [main] INFO  log - admin@yourstore.com
2025-06-13 09:39:08 [main] INFO  log - Entering Password
2025-06-13 09:39:08 [main] INFO  log - Submitting Credentials by clicking Login Button...
2025-06-13 09:39:08 [main] INFO  log - Getting Login Status...
2025-06-13 09:39:09 [main] INFO  log - Closing the Browser...
2025-06-13 09:55:06 [main] INFO  log - Starting Web Browser...
2025-06-13 09:55:09 [main] INFO  log - Navigating to URL...
2025-06-13 09:55:11 [main] INFO  log - Starting to test Login with Valid Credentials...
2025-06-13 09:55:11 [main] INFO  log - Providing Credentials...
2025-06-13 09:55:11 [main] INFO  log - user1@test.com
2025-06-13 09:55:12 [main] INFO  log - Entering Password
2025-06-13 09:55:12 [main] INFO  log - Submitting Credentials by clicking Login Button...
2025-06-13 09:55:13 [main] INFO  log - Verified Login Page...
2025-06-13 09:55:13 [main] INFO  log - Test completed Successfully 
2025-06-13 09:55:13 [main] INFO  log - Closing the Browser...
2025-06-13 09:55:13 [main] INFO  log - Starting Web Browser...
2025-06-13 09:55:15 [main] INFO  log - Navigating to URL...
2025-06-13 09:55:16 [main] INFO  log - Starting to test Login with Valid Credentials...
2025-06-13 09:55:16 [main] INFO  log - Providing Credentials...
2025-06-13 09:55:16 [main] INFO  log - user2@test.com
2025-06-13 09:55:17 [main] INFO  log - Entering Password
2025-06-13 09:55:17 [main] INFO  log - Submitting Credentials by clicking Login Button...
2025-06-13 09:55:18 [main] INFO  log - Verified Login Page...
2025-06-13 09:55:18 [main] INFO  log - Closing the Browser...
2025-06-13 09:55:18 [main] INFO  log - Starting Web Browser...
2025-06-13 09:55:20 [main] INFO  log - Navigating to URL...
2025-06-13 09:55:21 [main] INFO  log - Starting to test Login with Valid Credentials...
2025-06-13 09:55:21 [main] INFO  log - Providing Credentials...
2025-06-13 09:55:21 [main] INFO  log - user3@test.com
2025-06-13 09:55:21 [main] INFO  log - Entering Password
2025-06-13 09:55:21 [main] INFO  log - Submitting Credentials by clicking Login Button...
2025-06-13 09:55:23 [main] INFO  log - Verified Login Page...
2025-06-13 09:55:23 [main] INFO  log - Closing the Browser...
2025-06-13 09:55:23 [main] INFO  log - Starting Web Browser...
2025-06-13 09:55:24 [main] INFO  log - Navigating to URL...
2025-06-13 09:55:26 [main] INFO  log - Starting to test Login with Valid Credentials...
2025-06-13 09:55:26 [main] INFO  log - Providing Credentials...
2025-06-13 09:55:26 [main] INFO  log - user4@test.com
2025-06-13 09:55:26 [main] INFO  log - Entering Password
2025-06-13 09:55:26 [main] INFO  log - Submitting Credentials by clicking Login Button...
2025-06-13 09:55:27 [main] INFO  log - Verified Login Page...
2025-06-13 09:55:27 [main] INFO  log - Closing the Browser...
2025-06-13 09:55:28 [main] INFO  log - Starting Web Browser...
2025-06-13 09:55:29 [main] INFO  log - Navigating to URL...
2025-06-13 09:55:30 [main] INFO  log - Starting to test Login with Valid Credentials...
2025-06-13 09:55:30 [main] INFO  log - Providing Credentials...
2025-06-13 09:55:30 [main] INFO  log - admin@yourstore.com
2025-06-13 09:55:31 [main] INFO  log - Entering Password
2025-06-13 09:55:31 [main] INFO  log - Submitting Credentials by clicking Login Button...
2025-06-13 09:55:32 [main] INFO  log - Verified Login Page...
2025-06-13 09:55:32 [main] INFO  log - Test completed Successfully 
2025-06-13 09:55:32 [main] INFO  log - Closing the Browser...
2025-06-13 09:55:33 [main] INFO  log - Starting Web Browser...
2025-06-13 09:55:34 [main] INFO  log - Navigating to URL...
2025-06-13 09:55:36 [main] INFO  log - Starting to test Login with Invalid Credentials...
2025-06-13 09:55:36 [main] INFO  log - Providing Invalid Credentials...
2025-06-13 09:55:36 [main] INFO  log - admin@yourstore.com
2025-06-13 09:55:36 [main] INFO  log - Entering Password
2025-06-13 09:55:36 [main] INFO  log - Submitting Credentials by clicking Login Button...
2025-06-13 09:55:37 [main] INFO  log - Getting Login Status...
2025-06-13 09:55:37 [main] INFO  log - Getting Login Status...
2025-06-13 09:55:38 [main] INFO  log - Printing Test result...
2025-06-13 09:55:38 [main] INFO  log - Closing the Browser...
2025-06-13 18:22:50 [main] INFO  log - Starting Web Browser...
2025-06-13 18:22:53 [main] INFO  log - Navigating to URL...
2025-06-13 18:22:54 [main] INFO  log - Starting to test Login with Valid Credentials...
2025-06-13 18:22:55 [main] INFO  log - Providing Credentials...
2025-06-13 18:22:55 [main] INFO  log - user1@test.com
2025-06-13 18:22:55 [main] INFO  log - Entering Password
2025-06-13 18:22:55 [main] INFO  log - Submitting Credentials by clicking Login Button...
2025-06-13 18:23:26 [main] INFO  log - Verified Login Page...
2025-06-13 18:23:41 [main] INFO  log - Starting Web Browser...
2025-06-13 18:23:43 [main] INFO  log - Navigating to URL...
2025-06-13 18:24:10 [main] INFO  log - Starting to test Login with Valid Credentials...
2025-06-13 18:24:10 [main] INFO  log - Providing Credentials...
2025-06-13 18:24:10 [main] INFO  log - user1@test.com
2025-06-13 18:24:48 [main] INFO  log - Starting Web Browser...
2025-06-13 18:24:50 [main] INFO  log - Navigating to URL...
2025-06-13 18:24:52 [main] INFO  log - Starting to test Login with Valid Credentials...
2025-06-13 18:24:52 [main] INFO  log - Providing Credentials...
2025-06-13 18:24:52 [main] INFO  log - user1@test.com
2025-06-13 18:24:52 [main] INFO  log - Entering Password
2025-06-13 18:24:52 [main] INFO  log - Submitting Credentials by clicking Login Button...
2025-06-13 18:24:56 [main] INFO  log - Verified Login Page...
2025-06-13 18:24:56 [main] INFO  log - Closing the Browser...
2025-06-13 18:24:57 [main] INFO  log - Starting Web Browser...
2025-06-13 18:24:58 [main] INFO  log - Navigating to URL...
2025-06-13 18:24:59 [main] INFO  log - Starting to test Login with Valid Credentials...
2025-06-13 18:24:59 [main] INFO  log - Providing Credentials...
2025-06-13 18:24:59 [main] INFO  log - user2@test.com
2025-06-13 18:24:59 [main] INFO  log - Entering Password
2025-06-13 18:24:59 [main] INFO  log - Submitting Credentials by clicking Login Button...
2025-06-13 18:25:00 [main] INFO  log - Verified Login Page...
2025-06-13 18:25:00 [main] INFO  log - Closing the Browser...
2025-06-13 18:25:00 [main] INFO  log - Starting Web Browser...
2025-06-13 18:25:01 [main] INFO  log - Navigating to URL...
2025-06-13 18:25:03 [main] INFO  log - Starting to test Login with Valid Credentials...
2025-06-13 18:25:03 [main] INFO  log - Providing Credentials...
2025-06-13 18:25:03 [main] INFO  log - user3@test.com
2025-06-13 18:25:03 [main] INFO  log - Entering Password
2025-06-13 18:25:03 [main] INFO  log - Submitting Credentials by clicking Login Button...
2025-06-13 18:25:05 [main] INFO  log - Verified Login Page...
2025-06-13 18:25:05 [main] INFO  log - Closing the Browser...
2025-06-13 18:25:05 [main] INFO  log - Starting Web Browser...
2025-06-13 18:25:06 [main] INFO  log - Navigating to URL...
2025-06-13 18:25:07 [main] INFO  log - Starting to test Login with Valid Credentials...
2025-06-13 18:25:07 [main] INFO  log - Providing Credentials...
2025-06-13 18:25:07 [main] INFO  log - user4@test.com
2025-06-13 18:25:07 [main] INFO  log - Entering Password
2025-06-13 18:25:07 [main] INFO  log - Submitting Credentials by clicking Login Button...
2025-06-13 18:25:09 [main] INFO  log - Verified Login Page...
2025-06-13 18:25:09 [main] INFO  log - Closing the Browser...
2025-06-13 18:25:09 [main] INFO  log - Starting Web Browser...
2025-06-13 18:25:10 [main] INFO  log - Navigating to URL...
2025-06-13 18:25:11 [main] INFO  log - Starting to test Login with Valid Credentials...
2025-06-13 18:25:11 [main] INFO  log - Providing Credentials...
2025-06-13 18:25:11 [main] INFO  log - admin@yourstore.com
2025-06-13 18:25:11 [main] INFO  log - Entering Password
2025-06-13 18:25:11 [main] INFO  log - Submitting Credentials by clicking Login Button...
2025-06-13 18:25:12 [main] INFO  log - Verified Login Page...
2025-06-13 18:25:12 [main] INFO  log - Test completed Successfully 
2025-06-13 18:25:12 [main] INFO  log - Closing the Browser...
2025-06-13 18:25:12 [main] INFO  log - Starting Web Browser...
2025-06-13 18:25:13 [main] INFO  log - Navigating to URL...
2025-06-13 18:25:14 [main] INFO  log - Starting to test Login with Invalid Credentials...
2025-06-13 18:25:14 [main] INFO  log - Providing Invalid Credentials...
2025-06-13 18:25:14 [main] INFO  log - admin@yourstore.com
2025-06-13 18:25:15 [main] INFO  log - Entering Password
2025-06-13 18:25:15 [main] INFO  log - Submitting Credentials by clicking Login Button...
2025-06-13 18:25:16 [main] INFO  log - Getting Login Status...
2025-06-13 18:25:16 [main] INFO  log - Getting Login Status...
2025-06-13 18:25:16 [main] INFO  log - Printing Test result...
2025-06-13 18:25:16 [main] INFO  log - Closing the Browser...
2025-06-14 07:37:11 [main] INFO  log - Starting Web Browser...
2025-06-14 07:37:15 [main] INFO  log - Navigating to URL...
2025-06-14 07:37:16 [main] INFO  log - Starting to test Login with Valid Credentials...
2025-06-14 07:37:16 [main] INFO  log - Providing Credentials...
2025-06-14 07:37:16 [main] INFO  log - user1@test.com
2025-06-14 07:37:16 [main] INFO  log - Entering Password
2025-06-14 07:37:17 [main] INFO  log - Submitting Credentials by clicking Login Button...
2025-06-14 07:37:17 [main] INFO  log - Verified Login Page...
2025-06-14 07:37:17 [main] INFO  log - Test completed Successfully 
2025-06-14 07:37:17 [main] INFO  log - Closing the Browser...
2025-06-14 07:37:18 [main] INFO  log - Starting Web Browser...
2025-06-14 07:37:19 [main] INFO  log - Navigating to URL...
2025-06-14 07:37:20 [main] INFO  log - Starting to test Login with Valid Credentials...
2025-06-14 07:37:20 [main] INFO  log - Providing Credentials...
2025-06-14 07:37:20 [main] INFO  log - user2@test.com
2025-06-14 07:37:20 [main] INFO  log - Entering Password
2025-06-14 07:37:20 [main] INFO  log - Submitting Credentials by clicking Login Button...
2025-06-14 07:37:22 [main] INFO  log - Verified Login Page...
2025-06-14 07:37:22 [main] INFO  log - Closing the Browser...
2025-06-14 07:37:22 [main] INFO  log - Starting Web Browser...
2025-06-14 07:37:23 [main] INFO  log - Navigating to URL...
2025-06-14 07:37:24 [main] INFO  log - Starting to test Login with Valid Credentials...
2025-06-14 07:37:24 [main] INFO  log - Providing Credentials...
2025-06-14 07:37:24 [main] INFO  log - user3@test.com
2025-06-14 07:37:25 [main] INFO  log - Entering Password
2025-06-14 07:37:25 [main] INFO  log - Submitting Credentials by clicking Login Button...
2025-06-14 07:37:26 [main] INFO  log - Verified Login Page...
2025-06-14 07:37:26 [main] INFO  log - Closing the Browser...
2025-06-14 07:37:26 [main] INFO  log - Starting Web Browser...
2025-06-14 07:37:27 [main] INFO  log - Navigating to URL...
2025-06-14 07:37:29 [main] INFO  log - Starting to test Login with Valid Credentials...
2025-06-14 07:37:29 [main] INFO  log - Providing Credentials...
2025-06-14 07:37:29 [main] INFO  log - user4@test.com
2025-06-14 07:37:29 [main] INFO  log - Entering Password
2025-06-14 07:37:29 [main] INFO  log - Submitting Credentials by clicking Login Button...
2025-06-14 07:37:30 [main] INFO  log - Verified Login Page...
2025-06-14 07:37:30 [main] INFO  log - Closing the Browser...
2025-06-14 07:37:31 [main] INFO  log - Starting Web Browser...
2025-06-14 07:37:32 [main] INFO  log - Navigating to URL...
2025-06-14 07:37:33 [main] INFO  log - Starting to test Login with Valid Credentials...
2025-06-14 07:37:33 [main] INFO  log - Providing Credentials...
2025-06-14 07:37:33 [main] INFO  log - admin@yourstore.com
2025-06-14 07:37:34 [main] INFO  log - Entering Password
2025-06-14 07:37:34 [main] INFO  log - Submitting Credentials by clicking Login Button...
2025-06-14 07:37:35 [main] INFO  log - Verified Login Page...
2025-06-14 07:37:35 [main] INFO  log - Test completed Successfully 
2025-06-14 07:37:35 [main] INFO  log - Closing the Browser...
2025-06-14 07:37:35 [main] INFO  log - Starting Web Browser...
2025-06-14 07:37:36 [main] INFO  log - Navigating to URL...
2025-06-14 07:37:37 [main] INFO  log - Starting to test Login with Invalid Credentials...
2025-06-14 07:37:37 [main] INFO  log - Providing Invalid Credentials...
2025-06-14 07:37:37 [main] INFO  log - admin@yourstore.com
2025-06-14 07:37:37 [main] INFO  log - Entering Password
2025-06-14 07:37:37 [main] INFO  log - Submitting Credentials by clicking Login Button...
2025-06-14 07:37:38 [main] INFO  log - Getting Login Status...
2025-06-14 07:37:39 [main] INFO  log - Getting Login Status...
2025-06-14 07:37:39 [main] INFO  log - Printing Test result...
2025-06-14 07:37:39 [main] INFO  log - Closing the Browser...
2025-06-14 07:47:59 [main] INFO  log - Starting Web Browser...
2025-06-14 07:48:01 [main] INFO  log - Navigating to URL...
2025-06-14 07:48:02 [main] INFO  log - Starting to test Login with Valid Credentials...
2025-06-14 07:48:02 [main] INFO  log - Providing Credentials...
2025-06-14 07:48:02 [main] INFO  log - user1@test.com
2025-06-14 07:48:02 [main] INFO  log - Entering Password
2025-06-14 07:48:03 [main] INFO  log - Submitting Credentials by clicking Login Button...
2025-06-14 07:48:03 [main] INFO  log - Verified Login Page...
2025-06-14 07:48:03 [main] INFO  log - Closing the Browser...
2025-06-14 07:48:03 [main] INFO  log - Starting Web Browser...
2025-06-14 07:48:05 [main] INFO  log - Navigating to URL...
2025-06-14 07:48:06 [main] INFO  log - Starting to test Login with Valid Credentials...
2025-06-14 07:48:06 [main] INFO  log - Providing Credentials...
2025-06-14 07:48:06 [main] INFO  log - user2@test.com
2025-06-14 07:48:06 [main] INFO  log - Entering Password
2025-06-14 07:48:06 [main] INFO  log - Submitting Credentials by clicking Login Button...
2025-06-14 07:48:07 [main] INFO  log - Verified Login Page...
2025-06-14 07:48:07 [main] INFO  log - Test completed Successfully 
2025-06-14 07:48:07 [main] INFO  log - Closing the Browser...
2025-06-14 07:48:07 [main] INFO  log - Starting Web Browser...
2025-06-14 07:48:08 [main] INFO  log - Navigating to URL...
2025-06-14 07:48:10 [main] INFO  log - Starting to test Login with Valid Credentials...
2025-06-14 07:48:10 [main] INFO  log - Providing Credentials...
2025-06-14 07:48:10 [main] INFO  log - user3@test.com
2025-06-14 07:48:10 [main] INFO  log - Entering Password
2025-06-14 07:48:10 [main] INFO  log - Submitting Credentials by clicking Login Button...
2025-06-14 07:48:11 [main] INFO  log - Verified Login Page...
2025-06-14 07:48:11 [main] INFO  log - Test completed Successfully 
2025-06-14 07:48:11 [main] INFO  log - Closing the Browser...
2025-06-14 07:48:11 [main] INFO  log - Starting Web Browser...
2025-06-14 07:48:12 [main] INFO  log - Navigating to URL...
2025-06-14 07:48:13 [main] INFO  log - Starting to test Login with Valid Credentials...
2025-06-14 07:48:13 [main] INFO  log - Providing Credentials...
2025-06-14 07:48:13 [main] INFO  log - user4@test.com
2025-06-14 07:48:13 [main] INFO  log - Entering Password
2025-06-14 07:48:13 [main] INFO  log - Submitting Credentials by clicking Login Button...
2025-06-14 07:48:15 [main] INFO  log - Verified Login Page...
2025-06-14 07:48:15 [main] INFO  log - Closing the Browser...
2025-06-14 07:48:15 [main] INFO  log - Starting Web Browser...
2025-06-14 07:48:16 [main] INFO  log - Navigating to URL...
2025-06-14 07:48:17 [main] INFO  log - Starting to test Login with Valid Credentials...
2025-06-14 07:48:17 [main] INFO  log - Providing Credentials...
2025-06-14 07:48:17 [main] INFO  log - admin@yourstore.com
2025-06-14 07:48:17 [main] INFO  log - Entering Password
2025-06-14 07:48:18 [main] INFO  log - Submitting Credentials by clicking Login Button...
2025-06-14 07:48:19 [main] INFO  log - Verified Login Page...
2025-06-14 07:48:19 [main] INFO  log - Test completed Successfully 
2025-06-14 07:48:19 [main] INFO  log - Closing the Browser...
2025-06-14 07:48:19 [main] INFO  log - Starting Web Browser...
2025-06-14 07:48:20 [main] INFO  log - Navigating to URL...
2025-06-14 07:48:21 [main] INFO  log - Starting to test Login with Invalid Credentials...
2025-06-14 07:48:21 [main] INFO  log - Providing Invalid Credentials...
2025-06-14 07:48:21 [main] INFO  log - admin@yourstore.com
2025-06-14 07:48:22 [main] INFO  log - Entering Password
2025-06-14 07:48:22 [main] INFO  log - Submitting Credentials by clicking Login Button...
2025-06-14 07:48:23 [main] INFO  log - Getting Login Status...
2025-06-14 07:48:23 [main] INFO  log - Getting Login Status...
2025-06-14 07:48:23 [main] INFO  log - Printing Test result...
2025-06-14 07:48:23 [main] INFO  log - Closing the Browser...
2025-06-14 07:50:05 [main] INFO  log - Starting Web Browser...
2025-06-14 07:50:07 [main] INFO  log - Navigating to URL...
2025-06-14 07:50:08 [main] INFO  log - Starting to test Login with Valid Credentials...
2025-06-14 07:50:08 [main] INFO  log - Providing Credentials...
2025-06-14 07:50:08 [main] INFO  log - user1@test.com
2025-06-14 07:50:08 [main] INFO  log - Entering Password
2025-06-14 07:50:08 [main] INFO  log - Submitting Credentials by clicking Login Button...
2025-06-14 07:50:09 [main] INFO  log - Verified Login Page...
2025-06-14 07:50:09 [main] INFO  log - Closing the Browser...
2025-06-14 07:50:09 [main] INFO  log - Starting Web Browser...
2025-06-14 07:50:10 [main] INFO  log - Navigating to URL...
2025-06-14 07:50:12 [main] INFO  log - Starting to test Login with Valid Credentials...
2025-06-14 07:50:12 [main] INFO  log - Providing Credentials...
2025-06-14 07:50:12 [main] INFO  log - user2@test.com
2025-06-14 07:50:12 [main] INFO  log - Entering Password
2025-06-14 07:50:12 [main] INFO  log - Submitting Credentials by clicking Login Button...
2025-06-14 07:50:13 [main] INFO  log - Verified Login Page...
2025-06-14 07:50:13 [main] INFO  log - Closing the Browser...
2025-06-14 07:50:13 [main] INFO  log - Starting Web Browser...
2025-06-14 07:50:14 [main] INFO  log - Navigating to URL...
2025-06-14 07:50:16 [main] INFO  log - Starting to test Login with Valid Credentials...
2025-06-14 07:50:16 [main] INFO  log - Providing Credentials...
2025-06-14 07:50:16 [main] INFO  log - user3@test.com
2025-06-14 07:50:16 [main] INFO  log - Entering Password
2025-06-14 07:50:16 [main] INFO  log - Submitting Credentials by clicking Login Button...
2025-06-14 07:50:17 [main] INFO  log - Verified Login Page...
2025-06-14 07:50:17 [main] INFO  log - Closing the Browser...
2025-06-14 07:50:17 [main] INFO  log - Starting Web Browser...
2025-06-14 07:50:18 [main] INFO  log - Navigating to URL...
2025-06-14 07:50:20 [main] INFO  log - Starting to test Login with Valid Credentials...
2025-06-14 07:50:20 [main] INFO  log - Providing Credentials...
2025-06-14 07:50:20 [main] INFO  log - user4@test.com
2025-06-14 07:50:20 [main] INFO  log - Entering Password
2025-06-14 07:50:20 [main] INFO  log - Submitting Credentials by clicking Login Button...
2025-06-14 07:50:21 [main] INFO  log - Verified Login Page...
2025-06-14 07:50:21 [main] INFO  log - Test completed Successfully 
2025-06-14 07:50:21 [main] INFO  log - Closing the Browser...
2025-06-14 07:50:21 [main] INFO  log - Starting Web Browser...
2025-06-14 07:50:22 [main] INFO  log - Navigating to URL...
2025-06-14 07:50:23 [main] INFO  log - Starting to test Login with Valid Credentials...
2025-06-14 07:50:23 [main] INFO  log - Providing Credentials...
2025-06-14 07:50:23 [main] INFO  log - admin@yourstore.com
2025-06-14 07:50:24 [main] INFO  log - Entering Password
2025-06-14 07:50:24 [main] INFO  log - Submitting Credentials by clicking Login Button...
2025-06-14 07:50:24 [main] INFO  log - Verified Login Page...
2025-06-14 07:50:24 [main] INFO  log - Test completed Successfully 
2025-06-14 07:50:24 [main] INFO  log - Closing the Browser...
2025-06-14 07:50:25 [main] INFO  log - Starting Web Browser...
2025-06-14 07:50:26 [main] INFO  log - Navigating to URL...
2025-06-14 07:50:27 [main] INFO  log - Starting to test Login with Invalid Credentials...
2025-06-14 07:50:27 [main] INFO  log - Providing Invalid Credentials...
2025-06-14 07:50:27 [main] INFO  log - admin@yourstore.com
2025-06-14 07:50:27 [main] INFO  log - Entering Password
2025-06-14 07:50:27 [main] INFO  log - Submitting Credentials by clicking Login Button...
2025-06-14 07:50:28 [main] INFO  log - Getting Login Status...
2025-06-14 07:50:28 [main] INFO  log - Getting Login Status...
2025-06-14 07:50:28 [main] INFO  log - Printing Test result...
2025-06-14 07:50:28 [main] INFO  log - Closing the Browser...
